
   RedisException 

  Connection refused

  at /srv/vendor/laravel/framework/src/Illuminate/Redis/Connectors/PhpRedisConnector.php:135
    131▕         if (version_compare(phpversion('redis'), '5.3.0', '>=')) {
    132▕             $parameters[] = Arr::get($config, 'context', []);
    133▕         }
    134▕ 
  ➜ 135▕         $client->{($persistent ? 'pconnect' : 'connect')}(...$parameters);
    136▕     }
    137▕ 
    138▕     /**
    139▕      * Create a new redis cluster instance.

      [2m+26 vendor frames [22m
  27  /srv/artisan:37
      Illuminate\Foundation\Console\Kernel::handle(Object(Symfony\Component\Console\Input\ArgvInput), Object(Symfony\Component\Console\Output\ConsoleOutput))

   RedisException 

  Connection refused

  at /srv/vendor/laravel/framework/src/Illuminate/Redis/Connectors/PhpRedisConnector.php:135
    131▕         if (version_compare(phpversion('redis'), '5.3.0', '>=')) {
    132▕             $parameters[] = Arr::get($config, 'context', []);
    133▕         }
    134▕ 
  ➜ 135▕         $client->{($persistent ? 'pconnect' : 'connect')}(...$parameters);
    136▕     }
    137▕ 
    138▕     /**
    139▕      * Create a new redis cluster instance.

      [2m+26 vendor frames [22m
  27  /srv/artisan:37
      Illuminate\Foundation\Console\Kernel::handle(Object(Symfony\Component\Console\Input\ArgvInput), Object(Symfony\Component\Console\Output\ConsoleOutput))

   RedisException 

  Connection refused

  at /srv/vendor/laravel/framework/src/Illuminate/Redis/Connectors/PhpRedisConnector.php:135
    131▕         if (version_compare(phpversion('redis'), '5.3.0', '>=')) {
    132▕             $parameters[] = Arr::get($config, 'context', []);
    133▕         }
    134▕ 
  ➜ 135▕         $client->{($persistent ? 'pconnect' : 'connect')}(...$parameters);
    136▕     }
    137▕ 
    138▕     /**
    139▕      * Create a new redis cluster instance.

      [2m+26 vendor frames [22m
  27  /srv/artisan:37
      Illuminate\Foundation\Console\Kernel::handle(Object(Symfony\Component\Console\Input\ArgvInput), Object(Symfony\Component\Console\Output\ConsoleOutput))

   RedisException 

  Connection refused

  at /srv/vendor/laravel/framework/src/Illuminate/Redis/Connectors/PhpRedisConnector.php:135
    131▕         if (version_compare(phpversion('redis'), '5.3.0', '>=')) {
    132▕             $parameters[] = Arr::get($config, 'context', []);
    133▕         }
    134▕ 
  ➜ 135▕         $client->{($persistent ? 'pconnect' : 'connect')}(...$parameters);
    136▕     }
    137▕ 
    138▕     /**
    139▕      * Create a new redis cluster instance.

      [2m+26 vendor frames [22m
  27  /srv/artisan:37
      Illuminate\Foundation\Console\Kernel::handle(Object(Symfony\Component\Console\Input\ArgvInput), Object(Symfony\Component\Console\Output\ConsoleOutput))

   RedisException 

  Connection refused

  at /srv/vendor/laravel/framework/src/Illuminate/Redis/Connectors/PhpRedisConnector.php:135
    131▕         if (version_compare(phpversion('redis'), '5.3.0', '>=')) {
    132▕             $parameters[] = Arr::get($config, 'context', []);
    133▕         }
    134▕ 
  ➜ 135▕         $client->{($persistent ? 'pconnect' : 'connect')}(...$parameters);
    136▕     }
    137▕ 
    138▕     /**
    139▕      * Create a new redis cluster instance.

      [2m+26 vendor frames [22m
  27  /srv/artisan:37
      Illuminate\Foundation\Console\Kernel::handle(Object(Symfony\Component\Console\Input\ArgvInput), Object(Symfony\Component\Console\Output\ConsoleOutput))

   RedisException 

  Connection refused

  at /srv/vendor/laravel/framework/src/Illuminate/Redis/Connectors/PhpRedisConnector.php:135
    131▕         if (version_compare(phpversion('redis'), '5.3.0', '>=')) {
    132▕             $parameters[] = Arr::get($config, 'context', []);
    133▕         }
    134▕ 
  ➜ 135▕         $client->{($persistent ? 'pconnect' : 'connect')}(...$parameters);
    136▕     }
    137▕ 
    138▕     /**
    139▕      * Create a new redis cluster instance.

      [2m+26 vendor frames [22m
  27  /srv/artisan:37
      Illuminate\Foundation\Console\Kernel::handle(Object(Symfony\Component\Console\Input\ArgvInput), Object(Symfony\Component\Console\Output\ConsoleOutput))

   RedisException 

  Connection refused

  at /srv/vendor/laravel/framework/src/Illuminate/Redis/Connectors/PhpRedisConnector.php:135
    131▕         if (version_compare(phpversion('redis'), '5.3.0', '>=')) {
    132▕             $parameters[] = Arr::get($config, 'context', []);
    133▕         }
    134▕ 
  ➜ 135▕         $client->{($persistent ? 'pconnect' : 'connect')}(...$parameters);
    136▕     }
    137▕ 
    138▕     /**
    139▕      * Create a new redis cluster instance.

      [2m+26 vendor frames [22m
  27  /srv/artisan:37
      Illuminate\Foundation\Console\Kernel::handle(Object(Symfony\Component\Console\Input\ArgvInput), Object(Symfony\Component\Console\Output\ConsoleOutput))

   RedisException 

  Connection refused

  at /srv/vendor/laravel/framework/src/Illuminate/Redis/Connectors/PhpRedisConnector.php:135
    131▕         if (version_compare(phpversion('redis'), '5.3.0', '>=')) {
    132▕             $parameters[] = Arr::get($config, 'context', []);
    133▕         }
    134▕ 
  ➜ 135▕         $client->{($persistent ? 'pconnect' : 'connect')}(...$parameters);
    136▕     }
    137▕ 
    138▕     /**
    139▕      * Create a new redis cluster instance.

      [2m+26 vendor frames [22m
  27  /srv/artisan:37
      Illuminate\Foundation\Console\Kernel::handle(Object(Symfony\Component\Console\Input\ArgvInput), Object(Symfony\Component\Console\Output\ConsoleOutput))

   RedisException 

  Connection refused

  at /srv/vendor/laravel/framework/src/Illuminate/Redis/Connectors/PhpRedisConnector.php:135
    131▕         if (version_compare(phpversion('redis'), '5.3.0', '>=')) {
    132▕             $parameters[] = Arr::get($config, 'context', []);
    133▕         }
    134▕ 
  ➜ 135▕         $client->{($persistent ? 'pconnect' : 'connect')}(...$parameters);
    136▕     }
    137▕ 
    138▕     /**
    139▕      * Create a new redis cluster instance.

      [2m+26 vendor frames [22m
  27  /srv/artisan:37
      Illuminate\Foundation\Console\Kernel::handle(Object(Symfony\Component\Console\Input\ArgvInput), Object(Symfony\Component\Console\Output\ConsoleOutput))

   RedisException 

  Connection refused

  at /srv/vendor/laravel/framework/src/Illuminate/Redis/Connectors/PhpRedisConnector.php:135
    131▕         if (version_compare(phpversion('redis'), '5.3.0', '>=')) {
    132▕             $parameters[] = Arr::get($config, 'context', []);
    133▕         }
    134▕ 
  ➜ 135▕         $client->{($persistent ? 'pconnect' : 'connect')}(...$parameters);
    136▕     }
    137▕ 
    138▕     /**
    139▕      * Create a new redis cluster instance.

      [2m+26 vendor frames [22m
  27  /srv/artisan:37
      Illuminate\Foundation\Console\Kernel::handle(Object(Symfony\Component\Console\Input\ArgvInput), Object(Symfony\Component\Console\Output\ConsoleOutput))

   RedisException 

  Connection refused

  at /srv/vendor/laravel/framework/src/Illuminate/Redis/Connectors/PhpRedisConnector.php:135
    131▕         if (version_compare(phpversion('redis'), '5.3.0', '>=')) {
    132▕             $parameters[] = Arr::get($config, 'context', []);
    133▕         }
    134▕ 
  ➜ 135▕         $client->{($persistent ? 'pconnect' : 'connect')}(...$parameters);
    136▕     }
    137▕ 
    138▕     /**
    139▕      * Create a new redis cluster instance.

      [2m+26 vendor frames [22m
  27  /srv/artisan:37
      Illuminate\Foundation\Console\Kernel::handle(Object(Symfony\Component\Console\Input\ArgvInput), Object(Symfony\Component\Console\Output\ConsoleOutput))

   RedisException 

  Connection refused

  at /srv/vendor/laravel/framework/src/Illuminate/Redis/Connectors/PhpRedisConnector.php:135
    131▕         if (version_compare(phpversion('redis'), '5.3.0', '>=')) {
    132▕             $parameters[] = Arr::get($config, 'context', []);
    133▕         }
    134▕ 
  ➜ 135▕         $client->{($persistent ? 'pconnect' : 'connect')}(...$parameters);
    136▕     }
    137▕ 
    138▕     /**
    139▕      * Create a new redis cluster instance.

      [2m+26 vendor frames [22m
  27  /srv/artisan:37
      Illuminate\Foundation\Console\Kernel::handle(Object(Symfony\Component\Console\Input\ArgvInput), Object(Symfony\Component\Console\Output\ConsoleOutput))
Horizon started successfully.
Horizon started successfully.
Horizon started successfully.
Horizon started successfully.
Horizon started successfully.
Horizon started successfully.
Horizon started successfully.
Horizon started successfully.
Horizon started successfully.
Horizon started successfully.
Horizon started successfully.
Horizon started successfully.
Horizon started successfully.
Horizon started successfully.

   Error 

  Call to a member function connection() on null

  at /srv/vendor/laravel/framework/src/Illuminate/Database/Eloquent/Model.php:1336
    1332▕      * @return \Illuminate\Database\Connection
    1333▕      */
    1334▕     public static function resolveConnection($connection = null)
    1335▕     {
  ➜ 1336▕         return static::$resolver->connection($connection);
    1337▕     }
    1338▕ 
    1339▕     /**
    1340▕      * Get the connection resolver instance.

      [2m+6 vendor frames [22m
  7   /srv/app/Services/AuthService.php:33
      Illuminate\Database\Eloquent\Model::query()

  8   /srv/app/Services/AuthService.php:50
      App\Services\AuthService::findByIp(Object(Closure))

   Error 

  Call to a member function connection() on null

  at /srv/vendor/laravel/framework/src/Illuminate/Database/Eloquent/Model.php:1336
    1332▕      * @return \Illuminate\Database\Connection
    1333▕      */
    1334▕     public static function resolveConnection($connection = null)
    1335▕     {
  ➜ 1336▕         return static::$resolver->connection($connection);
    1337▕     }
    1338▕ 
    1339▕     /**
    1340▕      * Get the connection resolver instance.

      [2m+6 vendor frames [22m
  7   /srv/app/Services/AuthService.php:33
      Illuminate\Database\Eloquent\Model::query()

  8   /srv/app/Services/AuthService.php:50
      App\Services\AuthService::findByIp(Object(Closure))

   Error 

  Call to a member function connection() on null

  at /srv/vendor/laravel/framework/src/Illuminate/Database/Eloquent/Model.php:1336
    1332▕      * @return \Illuminate\Database\Connection
    1333▕      */
    1334▕     public static function resolveConnection($connection = null)
    1335▕     {
  ➜ 1336▕         return static::$resolver->connection($connection);
    1337▕     }
    1338▕ 
    1339▕     /**
    1340▕      * Get the connection resolver instance.

      [2m+6 vendor frames [22m
  7   /srv/app/Services/AuthService.php:33
      Illuminate\Database\Eloquent\Model::query()

  8   /srv/app/Services/AuthService.php:50
      App\Services\AuthService::findByIp(Object(Closure))

   Error 

  Call to a member function connection() on null

  at /srv/vendor/laravel/framework/src/Illuminate/Database/Eloquent/Model.php:1336
    1332▕      * @return \Illuminate\Database\Connection
    1333▕      */
    1334▕     public static function resolveConnection($connection = null)
    1335▕     {
  ➜ 1336▕         return static::$resolver->connection($connection);
    1337▕     }
    1338▕ 
    1339▕     /**
    1340▕      * Get the connection resolver instance.

      [2m+6 vendor frames [22m
  7   /srv/app/Services/AuthService.php:33
      Illuminate\Database\Eloquent\Model::query()

  8   /srv/app/Services/AuthService.php:50
      App\Services\AuthService::findByIp(Object(Closure))
Horizon started successfully.
Horizon started successfully.
Horizon started successfully.
[2020-09-10 13:31:07][a403d616-68ae-44ae-89e6-889601984c51] Processing: App\Listeners\Message\SendEmailNotification
[2020-09-10 13:31:07][a403d616-68ae-44ae-89e6-889601984c51] Processed:  App\Listeners\Message\SendEmailNotification
[2020-09-10 13:31:16][4615e186-c8ec-4629-9e49-32704851e530] Processing: App\Listeners\Message\SendEmailNotification
[2020-09-10 13:31:16][4615e186-c8ec-4629-9e49-32704851e530] Processed:  App\Listeners\Message\SendEmailNotification
Horizon started successfully.
[2020-09-10 13:36:21][f7034e7a-16b9-417d-b093-bc5c1ab0c923] Processing: App\Listeners\Message\SendEmailNotification
[2020-09-10 13:36:21][f7034e7a-16b9-417d-b093-bc5c1ab0c923] Processed:  App\Listeners\Message\SendEmailNotification
[2020-09-10 13:38:12][34b4dcad-2503-4a5e-a44a-ddf735c958ca] Processing: App\Listeners\Message\SendEmailNotification
[2020-09-10 13:38:12][34b4dcad-2503-4a5e-a44a-ddf735c958ca] Failed:     App\Listeners\Message\SendEmailNotification
[2020-09-10 13:38:40][fd821e80-c858-4b03-b0ed-aa0fd6d7556a] Processing: App\Listeners\Message\SendEmailNotification
[2020-09-10 13:38:40][fd821e80-c858-4b03-b0ed-aa0fd6d7556a] Failed:     App\Listeners\Message\SendEmailNotification
[2020-09-10 13:40:40][3071f10e-5fc0-496f-8381-4d077a879788] Processing: App\Listeners\Message\SendEmailNotification
[2020-09-10 13:40:40][3071f10e-5fc0-496f-8381-4d077a879788] Failed:     App\Listeners\Message\SendEmailNotification
[2020-09-10 13:41:31][5e19201f-3611-4333-90fc-25578c49e7ca] Processing: App\Listeners\Message\SendEmailNotification
[2020-09-10 13:41:31][5e19201f-3611-4333-90fc-25578c49e7ca] Failed:     App\Listeners\Message\SendEmailNotification
[2020-09-10 13:42:58][e9fb9ae8-055b-4946-8b08-94b50abf8dfb] Processing: App\Listeners\Message\SendEmailNotification
[2020-09-10 13:42:58][e9fb9ae8-055b-4946-8b08-94b50abf8dfb] Failed:     App\Listeners\Message\SendEmailNotification
[2020-09-10 13:44:37][3786a04a-6689-4774-8519-540062156d32] Processing: App\Listeners\Message\SendEmailNotification
[2020-09-10 13:44:37][3786a04a-6689-4774-8519-540062156d32] Failed:     App\Listeners\Message\SendEmailNotification
[2020-09-10 13:44:46][51505343-6a26-42dc-aeb9-fabbe9e42e04] Processing: App\Listeners\Message\SendEmailNotification
[2020-09-10 13:44:46][51505343-6a26-42dc-aeb9-fabbe9e42e04] Failed:     App\Listeners\Message\SendEmailNotification
[2020-09-10 13:44:46][29269676-a8b0-4653-8f35-8560eb47d484] Processing: App\Listeners\Message\SendEmailNotification
[2020-09-10 13:44:46][29269676-a8b0-4653-8f35-8560eb47d484] Failed:     App\Listeners\Message\SendEmailNotification
[2020-09-10 13:44:46][b10d5de3-c7f0-490a-af78-6bbf72d11e7f] Processing: App\Listeners\Message\SendEmailNotification
[2020-09-10 13:44:46][b10d5de3-c7f0-490a-af78-6bbf72d11e7f] Failed:     App\Listeners\Message\SendEmailNotification
[2020-09-10 13:44:47][efb4613e-c785-4961-98fd-d0c20e6829cf] Processing: App\Listeners\Message\SendEmailNotification
[2020-09-10 13:44:47][efb4613e-c785-4961-98fd-d0c20e6829cf] Failed:     App\Listeners\Message\SendEmailNotification
[2020-09-10 13:44:47][bc4060d8-0d49-49b7-a9f6-5f39f39716c4] Processing: App\Listeners\Message\SendEmailNotification
[2020-09-10 13:44:47][bc4060d8-0d49-49b7-a9f6-5f39f39716c4] Failed:     App\Listeners\Message\SendEmailNotification
[2020-09-10 13:44:46][6f78a676-6e7f-4236-87fc-559f7126fbe6] Processing: App\Listeners\Message\SendEmailNotification
[2020-09-10 13:44:47][6f78a676-6e7f-4236-87fc-559f7126fbe6] Failed:     App\Listeners\Message\SendEmailNotification
[2020-09-10 13:44:50][642aff95-f7ce-406b-8d55-b8b6e5a1f8c2] Processing: App\Listeners\Message\SendEmailNotification
[2020-09-10 13:44:50][642aff95-f7ce-406b-8d55-b8b6e5a1f8c2] Failed:     App\Listeners\Message\SendEmailNotification
[2020-09-10 13:44:50][e0db2409-8c21-4f3d-a9b3-10c36aa58c02] Processing: App\Listeners\Message\SendEmailNotification
[2020-09-10 13:44:50][e0db2409-8c21-4f3d-a9b3-10c36aa58c02] Failed:     App\Listeners\Message\SendEmailNotification
[2020-09-10 13:44:50][6660912e-44e1-4650-824b-c6ecd68d8491] Processing: App\Listeners\Message\SendEmailNotification
[2020-09-10 13:44:50][6660912e-44e1-4650-824b-c6ecd68d8491] Failed:     App\Listeners\Message\SendEmailNotification
[2020-09-10 13:44:49][fcd18600-cb33-4c6f-b02e-9bfca79dcc35] Processing: App\Listeners\Message\SendEmailNotification
[2020-09-10 13:44:50][fcd18600-cb33-4c6f-b02e-9bfca79dcc35] Failed:     App\Listeners\Message\SendEmailNotification
[2020-09-10 13:44:50][984aae53-b23c-488c-b560-3a454b0e0318] Processing: App\Listeners\Message\SendEmailNotification
[2020-09-10 13:44:50][984aae53-b23c-488c-b560-3a454b0e0318] Failed:     App\Listeners\Message\SendEmailNotification
[2020-09-10 13:44:50][30c60a63-4823-4830-b44d-37569a3141fe] Processing: App\Listeners\Message\SendEmailNotification
[2020-09-10 13:44:50][30c60a63-4823-4830-b44d-37569a3141fe] Failed:     App\Listeners\Message\SendEmailNotification
[2020-09-10 13:44:50][af3b1196-54ab-47d1-8a54-6682390682c8] Processing: App\Listeners\Message\SendEmailNotification
[2020-09-10 13:44:50][af3b1196-54ab-47d1-8a54-6682390682c8] Failed:     App\Listeners\Message\SendEmailNotification
[2020-09-10 13:44:53][4f740517-ce47-4aff-9a34-2f5914778953] Processing: App\Listeners\Message\SendEmailNotification
[2020-09-10 13:44:53][4f740517-ce47-4aff-9a34-2f5914778953] Failed:     App\Listeners\Message\SendEmailNotification
[2020-09-10 13:46:14][efe86bce-6679-4e31-99c9-b35cf37773ba] Processing: App\Listeners\Message\SendEmailNotification
[2020-09-10 13:46:14][efe86bce-6679-4e31-99c9-b35cf37773ba] Failed:     App\Listeners\Message\SendEmailNotification
[2020-09-10 13:46:59][ca1cc803-62ea-4208-b3bf-507515c88bf2] Processing: App\Listeners\Message\SendEmailNotification
[2020-09-10 13:46:59][ca1cc803-62ea-4208-b3bf-507515c88bf2] Failed:     App\Listeners\Message\SendEmailNotification
[2020-09-10 13:47:29][70a4bebf-69fb-426d-a4ec-bf6410e5b94d] Processing: App\Listeners\Message\SendEmailNotification
[2020-09-10 13:47:29][70a4bebf-69fb-426d-a4ec-bf6410e5b94d] Failed:     App\Listeners\Message\SendEmailNotification
[2020-09-10 13:47:56][0e4eeb8b-19c4-4038-880f-a346bc60bd7d] Processing: App\Listeners\Message\SendEmailNotification
[2020-09-10 13:47:56][0e4eeb8b-19c4-4038-880f-a346bc60bd7d] Failed:     App\Listeners\Message\SendEmailNotification
[2020-09-10 13:48:53][a00c0b91-1ca2-41ce-a674-b0d5e42cfc4a] Processing: App\Listeners\Message\SendEmailNotification
[2020-09-10 13:48:53][a00c0b91-1ca2-41ce-a674-b0d5e42cfc4a] Failed:     App\Listeners\Message\SendEmailNotification
[2020-09-10 13:49:05][16eca3b8-1549-4c96-a4d2-4d24b5e1fe73] Processing: App\Listeners\Message\SendEmailNotification
[2020-09-10 13:49:05][16eca3b8-1549-4c96-a4d2-4d24b5e1fe73] Failed:     App\Listeners\Message\SendEmailNotification
[2020-09-10 13:49:53][bb497ee6-ee8a-4ccb-b9ce-cda5598fecd4] Processing: App\Listeners\Message\SendEmailNotification
[2020-09-10 13:49:53][bb497ee6-ee8a-4ccb-b9ce-cda5598fecd4] Failed:     App\Listeners\Message\SendEmailNotification
[2020-09-10 13:50:26][f77a5b68-f3ba-444f-8cb7-d67647478ea2] Processing: App\Listeners\Message\SendEmailNotification
[2020-09-10 13:50:26][f77a5b68-f3ba-444f-8cb7-d67647478ea2] Failed:     App\Listeners\Message\SendEmailNotification
[2020-09-10 13:51:11][7ea9218c-5bc1-4524-8335-b78bfd459571] Processing: App\Listeners\Message\SendEmailNotification
[2020-09-10 13:51:29][b07bc381-2896-4773-bd15-2c3856b68ee3] Processing: App\Listeners\Message\SendEmailNotification
[2020-09-10 13:51:29][b07bc381-2896-4773-bd15-2c3856b68ee3] Failed:     App\Listeners\Message\SendEmailNotification
[2020-09-10 13:51:41][7ea9218c-5bc1-4524-8335-b78bfd459571] Failed:     App\Listeners\Message\SendEmailNotification
[2020-09-10 13:51:44][aec3f681-81fd-4834-9d07-3914771ed300] Processing: App\Listeners\Message\SendEmailNotification
[2020-09-10 13:51:44][aec3f681-81fd-4834-9d07-3914771ed300] Failed:     App\Listeners\Message\SendEmailNotification
[2020-09-10 13:52:02][b1cb391c-6fba-421a-b9dc-b2cda253ba97] Processing: App\Listeners\Message\SendEmailNotification
[2020-09-10 13:52:02][b1cb391c-6fba-421a-b9dc-b2cda253ba97] Failed:     App\Listeners\Message\SendEmailNotification
[2020-09-10 13:52:29][80d04288-0572-4372-9e4e-39efe6c5c946] Processing: App\Listeners\Message\SendEmailNotification
Horizon started successfully.
[2020-09-10 13:53:30][b831e2e6-87ac-4afb-9444-3bb3b83e1823] Processing: App\Listeners\Message\SendEmailNotification
[2020-09-10 13:53:37][b831e2e6-87ac-4afb-9444-3bb3b83e1823] Failed:     App\Listeners\Message\SendEmailNotification
[2020-09-10 13:54:28][e254ec76-dd16-4bd9-8988-8d44b2e79104] Processing: App\Listeners\Message\SendEmailNotification
[2020-09-10 13:54:39][e254ec76-dd16-4bd9-8988-8d44b2e79104] Failed:     App\Listeners\Message\SendEmailNotification
[2020-09-10 13:55:51][d20e477a-a651-4593-a1f3-779fe298fb29] Processing: App\Listeners\Message\SendEmailNotification
Horizon started successfully.
[2020-09-10 13:56:34][56c115f9-06e9-4633-a086-111176fc6400] Processing: App\Listeners\Message\SendEmailNotification
[2020-09-10 13:56:34][56c115f9-06e9-4633-a086-111176fc6400] Processed:  App\Listeners\Message\SendEmailNotification
[2020-09-10 13:57:57][efe8e4bf-73e8-4a09-a1dc-33b2732c907a] Processing: App\Listeners\Message\SendEmailNotification
[2020-09-10 13:57:57][efe8e4bf-73e8-4a09-a1dc-33b2732c907a] Processed:  App\Listeners\Message\SendEmailNotification
[2020-09-10 13:58:06][4f7b99b6-9cac-4a58-8c45-55d1514383ee] Processing: App\Listeners\Message\SendEmailNotification
[2020-09-10 13:58:06][4f7b99b6-9cac-4a58-8c45-55d1514383ee] Processed:  App\Listeners\Message\SendEmailNotification
[2020-09-10 13:58:06][c7d52f87-14ef-4467-8200-b9697d726888] Processing: App\Listeners\Message\SendEmailNotification
[2020-09-10 13:58:06][c7d52f87-14ef-4467-8200-b9697d726888] Processed:  App\Listeners\Message\SendEmailNotification
[2020-09-10 13:58:36][e2ca93c2-4348-44aa-931b-6a286af482a6] Processing: App\Listeners\Message\SendEmailNotification
[2020-09-10 13:58:36][e2ca93c2-4348-44aa-931b-6a286af482a6] Processed:  App\Listeners\Message\SendEmailNotification
[2020-09-10 13:59:09][5239af57-680b-4188-a611-a4974ea517b0] Processing: App\Listeners\Message\SendEmailNotification
[2020-09-10 13:59:09][5239af57-680b-4188-a611-a4974ea517b0] Processed:  App\Listeners\Message\SendEmailNotification
[2020-09-10 13:59:24][1d1d04b1-ca3c-4f85-abee-ac193cced884] Processing: App\Listeners\Message\SendEmailNotification
[2020-09-10 13:59:24][1d1d04b1-ca3c-4f85-abee-ac193cced884] Processed:  App\Listeners\Message\SendEmailNotification
[2020-09-10 14:00:12][48a5d899-7759-4767-b0d8-855bc42fcab4] Processing: App\Listeners\Message\SendEmailNotification
[2020-09-10 14:00:12][48a5d899-7759-4767-b0d8-855bc42fcab4] Processed:  App\Listeners\Message\SendEmailNotification
[2020-09-10 14:00:21][273744d5-bdc5-4e2d-acbb-2da88bff6a41] Processing: App\Listeners\Message\SendEmailNotification
[2020-09-10 14:00:21][273744d5-bdc5-4e2d-acbb-2da88bff6a41] Processed:  App\Listeners\Message\SendEmailNotification
[2020-09-10 14:00:21][d13fc793-9bb9-488f-96bb-99796e19832b] Processing: App\Listeners\Message\SendEmailNotification
[2020-09-10 14:00:21][d13fc793-9bb9-488f-96bb-99796e19832b] Processed:  App\Listeners\Message\SendEmailNotification
[2020-09-10 14:01:24][cba6ae2a-3cf0-428a-a880-568849f155aa] Processing: App\Listeners\Message\SendEmailNotification
[2020-09-10 14:01:24][cba6ae2a-3cf0-428a-a880-568849f155aa] Processed:  App\Listeners\Message\SendEmailNotification
[2020-09-10 14:01:45][9ed274bb-e467-467f-82fb-7d67b7975436] Processing: App\Listeners\Message\SendEmailNotification
[2020-09-10 14:01:45][9ed274bb-e467-467f-82fb-7d67b7975436] Processed:  App\Listeners\Message\SendEmailNotification
[2020-09-10 14:02:09][935a55f5-2e57-46c1-a68c-461de2d72f58] Processing: App\Listeners\Message\SendEmailNotification
[2020-09-10 14:02:09][935a55f5-2e57-46c1-a68c-461de2d72f58] Processed:  App\Listeners\Message\SendEmailNotification
[2020-09-10 14:02:48][f6dc53a9-c430-493e-82af-22fbed5e786a] Processing: App\Listeners\Message\SendEmailNotification
[2020-09-10 14:02:48][f6dc53a9-c430-493e-82af-22fbed5e786a] Processed:  App\Listeners\Message\SendEmailNotification
[2020-09-10 14:03:21][33d07f3b-7bdd-4d7b-bffa-f76f81fbfb12] Processing: App\Listeners\Message\SendEmailNotification
[2020-09-10 14:03:21][33d07f3b-7bdd-4d7b-bffa-f76f81fbfb12] Processed:  App\Listeners\Message\SendEmailNotification
